<?xml version='1.0' encoding='UTF-8'?>
<testsuite hostname="Ravis-MBP.hsd1.ca.comcast.net" name="DebtsTest" tests="2" errors="0" failures="0" skipped="0" time="1.279" timestamp="2021-04-01T16:11:49">
                     <properties>
[...]
</properties>
                     <testcase classname="DebtsTest" name="Debts Is Not An empty List should Have size Greater Than 0" time="0.359">
                                                 
                                               </testcase><testcase classname="DebtsTest" name="Debts Is Not An empty List should Debts getDebts List throw an IndexOutOfBoundsException when trying to access any element outside of the Size" time="0.92">
                                                 
                                               </testcase>
                     <system-out><![CDATA[]]></system-out>
                     <system-err><![CDATA[]]></system-err>
                   </testsuite>